<?xml version="1.0" encoding="UTF-8"?>
<testng-results ignored="0" total="2" passed="0" failed="2" skipped="0">
  <reporter-output>
  </reporter-output>
  <suite started-at="2022-04-03T15:46:59 IST" name="Suite" finished-at="2022-04-03T15:50:25 IST" duration-ms="206463">
    <groups>
    </groups>
    <test started-at="2022-04-03T15:46:59 IST" name="Test" finished-at="2022-04-03T15:50:25 IST" duration-ms="206463">
      <class name="com.fleetStudio.testPages.PD_GEMS_Test">
        <test-method is-config="true" signature="browserInitiate()[pri:0, instance:com.fleetStudio.testPages.PD_GEMS_Test@485966cc]" started-at="2022-04-03T15:46:59 IST" name="browserInitiate" finished-at="2022-04-03T15:48:05 IST" duration-ms="65743" status="PASS">
          <reporter-output>
          </reporter-output>
        </test-method> <!-- browserInitiate -->
        <test-method signature="GEM_Test()[pri:0, instance:com.fleetStudio.testPages.PD_GEMS_Test@485966cc]" started-at="2022-04-03T15:48:05 IST" name="GEM_Test" finished-at="2022-04-03T15:48:05 IST" duration-ms="23" status="FAIL">
          <exception class="java.lang.NullPointerException">
            <message>
              <![CDATA[Cannot invoke "com.fleetStudio.pages.ProductDev_GreenlightEnvironmentalMonitoringSystem.verifyHeading()" because "this.pdGems" is null]]>
            </message>
            <full-stacktrace>
              <![CDATA[java.lang.NullPointerException: Cannot invoke "com.fleetStudio.pages.ProductDev_GreenlightEnvironmentalMonitoringSystem.verifyHeading()" because "this.pdGems" is null
at com.fleetStudio.testPages.PD_GEMS_Test.GEM_Test(PD_GEMS_Test.java:13)
at java.base/jdk.internal.reflect.NativeMethodAccessorImpl.invoke0(Native Method)
at java.base/jdk.internal.reflect.NativeMethodAccessorImpl.invoke(NativeMethodAccessorImpl.java:64)
at java.base/jdk.internal.reflect.DelegatingMethodAccessorImpl.invoke(DelegatingMethodAccessorImpl.java:43)
at java.base/java.lang.reflect.Method.invoke(Method.java:564)
at org.testng.internal.invokers.MethodInvocationHelper.invokeMethod(MethodInvocationHelper.java:135)
at org.testng.internal.invokers.TestInvoker.invokeMethod(TestInvoker.java:673)
at org.testng.internal.invokers.TestInvoker.invokeTestMethod(TestInvoker.java:220)
at org.testng.internal.invokers.MethodRunner.runInSequence(MethodRunner.java:50)
at org.testng.internal.invokers.TestInvoker$MethodInvocationAgent.invoke(TestInvoker.java:945)
at org.testng.internal.invokers.TestInvoker.invokeTestMethods(TestInvoker.java:193)
at org.testng.internal.invokers.TestMethodWorker.invokeTestMethods(TestMethodWorker.java:146)
at org.testng.internal.invokers.TestMethodWorker.run(TestMethodWorker.java:128)
at java.base/java.util.ArrayList.forEach(ArrayList.java:1511)
at org.testng.TestRunner.privateRun(TestRunner.java:808)
at org.testng.TestRunner.run(TestRunner.java:603)
at org.testng.SuiteRunner.runTest(SuiteRunner.java:429)
at org.testng.SuiteRunner.runSequentially(SuiteRunner.java:423)
at org.testng.SuiteRunner.privateRun(SuiteRunner.java:383)
at org.testng.SuiteRunner.run(SuiteRunner.java:326)
at org.testng.SuiteRunnerWorker.runSuite(SuiteRunnerWorker.java:52)
at org.testng.SuiteRunnerWorker.run(SuiteRunnerWorker.java:95)
at org.testng.TestNG.runSuitesSequentially(TestNG.java:1249)
at org.testng.TestNG.runSuitesLocally(TestNG.java:1169)
at org.testng.TestNG.runSuites(TestNG.java:1092)
at org.testng.TestNG.run(TestNG.java:1060)
at org.testng.remote.AbstractRemoteTestNG.run(AbstractRemoteTestNG.java:115)
at org.testng.remote.RemoteTestNG.initAndRun(RemoteTestNG.java:251)
at org.testng.remote.RemoteTestNG.main(RemoteTestNG.java:77)
]]>
            </full-stacktrace>
          </exception> <!-- java.lang.NullPointerException -->
          <reporter-output>
          </reporter-output>
        </test-method> <!-- GEM_Test -->
        <test-method is-config="true" signature="tearDown()[pri:0, instance:com.fleetStudio.testPages.PD_GEMS_Test@485966cc]" started-at="2022-04-03T15:48:06 IST" name="tearDown" finished-at="2022-04-03T15:48:10 IST" duration-ms="4056" status="PASS">
          <reporter-output>
          </reporter-output>
        </test-method> <!-- tearDown -->
        <test-method is-config="true" signature="browserInitiate()[pri:0, instance:com.fleetStudio.testPages.PD_GEMS_Test@485966cc]" started-at="2022-04-03T15:48:10 IST" name="browserInitiate" finished-at="2022-04-03T15:50:21 IST" duration-ms="130907" status="PASS">
          <reporter-output>
          </reporter-output>
        </test-method> <!-- browserInitiate -->
        <test-method signature="GEM_Test1()[pri:0, instance:com.fleetStudio.testPages.PD_GEMS_Test@485966cc]" started-at="2022-04-03T15:50:21 IST" name="GEM_Test1" finished-at="2022-04-03T15:50:21 IST" duration-ms="8" status="FAIL">
          <exception class="java.lang.NullPointerException">
            <message>
              <![CDATA[Cannot invoke "com.fleetStudio.pages.ProductDev_GreenlightEnvironmentalMonitoringSystem.verifyHeading()" because "this.pdGems" is null]]>
            </message>
            <full-stacktrace>
              <![CDATA[java.lang.NullPointerException: Cannot invoke "com.fleetStudio.pages.ProductDev_GreenlightEnvironmentalMonitoringSystem.verifyHeading()" because "this.pdGems" is null
at com.fleetStudio.testPages.PD_GEMS_Test.GEM_Test1(PD_GEMS_Test.java:21)
at java.base/jdk.internal.reflect.NativeMethodAccessorImpl.invoke0(Native Method)
at java.base/jdk.internal.reflect.NativeMethodAccessorImpl.invoke(NativeMethodAccessorImpl.java:64)
at java.base/jdk.internal.reflect.DelegatingMethodAccessorImpl.invoke(DelegatingMethodAccessorImpl.java:43)
at java.base/java.lang.reflect.Method.invoke(Method.java:564)
at org.testng.internal.invokers.MethodInvocationHelper.invokeMethod(MethodInvocationHelper.java:135)
at org.testng.internal.invokers.TestInvoker.invokeMethod(TestInvoker.java:673)
at org.testng.internal.invokers.TestInvoker.invokeTestMethod(TestInvoker.java:220)
at org.testng.internal.invokers.MethodRunner.runInSequence(MethodRunner.java:50)
at org.testng.internal.invokers.TestInvoker$MethodInvocationAgent.invoke(TestInvoker.java:945)
at org.testng.internal.invokers.TestInvoker.invokeTestMethods(TestInvoker.java:193)
at org.testng.internal.invokers.TestMethodWorker.invokeTestMethods(TestMethodWorker.java:146)
at org.testng.internal.invokers.TestMethodWorker.run(TestMethodWorker.java:128)
at java.base/java.util.ArrayList.forEach(ArrayList.java:1511)
at org.testng.TestRunner.privateRun(TestRunner.java:808)
at org.testng.TestRunner.run(TestRunner.java:603)
at org.testng.SuiteRunner.runTest(SuiteRunner.java:429)
at org.testng.SuiteRunner.runSequentially(SuiteRunner.java:423)
at org.testng.SuiteRunner.privateRun(SuiteRunner.java:383)
at org.testng.SuiteRunner.run(SuiteRunner.java:326)
at org.testng.SuiteRunnerWorker.runSuite(SuiteRunnerWorker.java:52)
at org.testng.SuiteRunnerWorker.run(SuiteRunnerWorker.java:95)
at org.testng.TestNG.runSuitesSequentially(TestNG.java:1249)
at org.testng.TestNG.runSuitesLocally(TestNG.java:1169)
at org.testng.TestNG.runSuites(TestNG.java:1092)
at org.testng.TestNG.run(TestNG.java:1060)
at org.testng.remote.AbstractRemoteTestNG.run(AbstractRemoteTestNG.java:115)
at org.testng.remote.RemoteTestNG.initAndRun(RemoteTestNG.java:251)
at org.testng.remote.RemoteTestNG.main(RemoteTestNG.java:77)
]]>
            </full-stacktrace>
          </exception> <!-- java.lang.NullPointerException -->
          <reporter-output>
          </reporter-output>
        </test-method> <!-- GEM_Test1 -->
        <test-method is-config="true" signature="tearDown()[pri:0, instance:com.fleetStudio.testPages.PD_GEMS_Test@485966cc]" started-at="2022-04-03T15:50:21 IST" name="tearDown" finished-at="2022-04-03T15:50:25 IST" duration-ms="3986" status="PASS">
          <reporter-output>
          </reporter-output>
        </test-method> <!-- tearDown -->
      </class> <!-- com.fleetStudio.testPages.PD_GEMS_Test -->
    </test> <!-- Test -->
  </suite> <!-- Suite -->
</testng-results>
